<?xml version="1.0" encoding="UTF-8"?>
<testsuite name="tests.WebTest" tests="1" skipped="0" failures="0" errors="0" timestamp="2021-08-19T06:59:58" hostname="DESKTOP-KQ6GVNG" time="0.094">
  <properties/>
  <testcase name="testRemote()" classname="tests.WebTest" time="0.094"/>
  <system-out><![CDATA[]]></system-out>
  <system-err><![CDATA[]]></system-err>
</testsuite>
